--------------- Build Started: 10/23/2019 11:05:18 Project: testing2, Configuration: ARM GCC 5.4-2016-q2-update Debug ---------------
The code generation step is up to date.
arm-none-eabi-gcc.exe -mcpu=cortex-m3 -mthumb -I. -IGenerated_Source\PSoC5 -Wa,-alh=.\CortexM3\ARM_GCC_541\Debug/main.lst -g -D DEBUG -D CY_CORE_ID=0 -Wall -ffunction-sections -ffat-lto-objects -Og -c main.c -o .\CortexM3\ARM_GCC_541\Debug\main.o
main.c: In function 'color_test1':
main.c:166:14: warning: variable 'loc2' set but not used [-Wunused-but-set-variable]
     int loc1,loc2;
              ^
main.c: In function 'color_test2':
main.c:292:14: warning: variable 'loc2' set but not used [-Wunused-but-set-variable]
     int loc1,loc2;
              ^
main.c: In function 'stack_pucks':
main.c:1954:13: warning: 'rotate_angle' may be used uninitialized in this function [-Wmaybe-uninitialized]
             rotate(rotate_angle + 90.0, 0, 100);
             ^
main.c:1929:13: warning: 'rotate_angle' may be used uninitialized in this function [-Wmaybe-uninitialized]
             rotate(rotate_angle, 1, 100);
             ^
arm-none-eabi-ar.exe -rs .\CortexM3\ARM_GCC_541\Debug\testing2.a .\CortexM3\ARM_GCC_541\Debug\CyDmac.o .\CortexM3\ARM_GCC_541\Debug\CyFlash.o .\CortexM3\ARM_GCC_541\Debug\CyLib.o .\CortexM3\ARM_GCC_541\Debug\cyPm.o .\CortexM3\ARM_GCC_541\Debug\CySpc.o .\CortexM3\ARM_GCC_541\Debug\cyutils.o .\CortexM3\ARM_GCC_541\Debug\cy_em_eeprom.o .\CortexM3\ARM_GCC_541\Debug\Clock_1.o .\CortexM3\ARM_GCC_541\Debug\isr_1.o .\CortexM3\ARM_GCC_541\Debug\LeftMotor_PWM_Pin_1.o .\CortexM3\ARM_GCC_541\Debug\LeftMotor_PWM_Pin_2.o .\CortexM3\ARM_GCC_541\Debug\PWM_LeftMotor_1.o .\CortexM3\ARM_GCC_541\Debug\PWM_LeftMotor_1_PM.o .\CortexM3\ARM_GCC_541\Debug\PWM_LeftMotor_2.o .\CortexM3\ARM_GCC_541\Debug\PWM_LeftMotor_2_PM.o .\CortexM3\ARM_GCC_541\Debug\LeftMotor_Encoder_ISR.o .\CortexM3\ARM_GCC_541\Debug\LeftMotor_Encoder.o .\CortexM3\ARM_GCC_541\Debug\PWM_RightMotor_1.o .\CortexM3\ARM_GCC_541\Debug\PWM_RightMotor_1_PM.o .\CortexM3\ARM_GCC_541\Debug\PWM_RightMotor_2.o .\CortexM3\ARM_GCC_541\Debug\PWM_RightMotor_2_PM.o .\CortexM3\ARM_GCC_541\Debug\RightMotor_Encoder_ISR.o .\CortexM3\ARM_GCC_541\Debug\RightMotor_PWM_Pin_1.o .\CortexM3\ARM_GCC_541\Debug\RightMotor_PWM_Pin_2.o .\CortexM3\ARM_GCC_541\Debug\RightMotor_Encoder.o .\CortexM3\ARM_GCC_541\Debug\Clock_2.o .\CortexM3\ARM_GCC_541\Debug\Echo.o .\CortexM3\ARM_GCC_541\Debug\Timer_Front_Left.o .\CortexM3\ARM_GCC_541\Debug\Timer_Front_Left_PM.o .\CortexM3\ARM_GCC_541\Debug\Trigger.o .\CortexM3\ARM_GCC_541\Debug\Trigger_1.o .\CortexM3\ARM_GCC_541\Debug\Echo_1.o .\CortexM3\ARM_GCC_541\Debug\Timer_Front_Right.o .\CortexM3\ARM_GCC_541\Debug\Timer_Front_Right_PM.o .\CortexM3\ARM_GCC_541\Debug\Clock_3.o .\CortexM3\ARM_GCC_541\Debug\isr_2.o .\CortexM3\ARM_GCC_541\Debug\Clock_4.o .\CortexM3\ARM_GCC_541\Debug\Timer_Left.o .\CortexM3\ARM_GCC_541\Debug\Timer_Left_PM.o .\CortexM3\ARM_GCC_541\Debug\Echo_2.o .\CortexM3\ARM_GCC_541\Debug\Trigger_2.o .\CortexM3\ARM_GCC_541\Debug\isr_3.o .\CortexM3\ARM_GCC_541\Debug\Clock_5.o .\CortexM3\ARM_GCC_541\Debug\Timer_Right.o .\CortexM3\ARM_GCC_541\Debug\Timer_Right_PM.o .\CortexM3\ARM_GCC_541\Debug\Echo_3.o .\CortexM3\ARM_GCC_541\Debug\Trigger_3.o .\CortexM3\ARM_GCC_541\Debug\isr_4.o .\CortexM3\ARM_GCC_541\Debug\LED.o .\CortexM3\ARM_GCC_541\Debug\PWM_Servo_A.o .\CortexM3\ARM_GCC_541\Debug\PWM_Servo_A_PM.o .\CortexM3\ARM_GCC_541\Debug\PWM_Servo_B.o .\CortexM3\ARM_GCC_541\Debug\PWM_Servo_B_PM.o .\CortexM3\ARM_GCC_541\Debug\PWM_Servo_C.o .\CortexM3\ARM_GCC_541\Debug\PWM_Servo_C_PM.o .\CortexM3\ARM_GCC_541\Debug\ADC.o .\CortexM3\ARM_GCC_541\Debug\ADC_PM.o .\CortexM3\ARM_GCC_541\Debug\ADC_INT.o .\CortexM3\ARM_GCC_541\Debug\TIA.o .\CortexM3\ARM_GCC_541\Debug\TIA_PM.o .\CortexM3\ARM_GCC_541\Debug\IDAC.o .\CortexM3\ARM_GCC_541\Debug\IDAC_PM.o .\CortexM3\ARM_GCC_541\Debug\ADC_Ext_CP_Clk.o .\CortexM3\ARM_GCC_541\Debug\ADC_Bypass_P32.o .\CortexM3\ARM_GCC_541\Debug\ADC_IRQ.o .\CortexM3\ARM_GCC_541\Debug\ADC_theACLK.o .\CortexM3\ARM_GCC_541\Debug\UART.o .\CortexM3\ARM_GCC_541\Debug\UART_PM.o .\CortexM3\ARM_GCC_541\Debug\UART_INT.o .\CortexM3\ARM_GCC_541\Debug\UART_BOOT.o .\CortexM3\ARM_GCC_541\Debug\UART_IntClock.o .\CortexM3\ARM_GCC_541\Debug\Start_Button.o .\CortexM3\ARM_GCC_541\Debug\CS1.o .\CortexM3\ARM_GCC_541\Debug\RED1.o .\CortexM3\ARM_GCC_541\Debug\GREEN1.o .\CortexM3\ARM_GCC_541\Debug\BLUE1.o .\CortexM3\ARM_GCC_541\Debug\MUX.o .\CortexM3\ARM_GCC_541\Debug\CS2.o .\CortexM3\ARM_GCC_541\Debug\RED2.o .\CortexM3\ARM_GCC_541\Debug\GREEN2.o .\CortexM3\ARM_GCC_541\Debug\BLUE2.o .\CortexM3\ARM_GCC_541\Debug\PWM_Servo_D.o .\CortexM3\ARM_GCC_541\Debug\PWM_Servo_D_PM.o .\CortexM3\ARM_GCC_541\Debug\Clock_7.o .\CortexM3\ARM_GCC_541\Debug\Pin_A.o .\CortexM3\ARM_GCC_541\Debug\Pin_c.o .\CortexM3\ARM_GCC_541\Debug\Pin_D.o .\CortexM3\ARM_GCC_541\Debug\Pin_B.o .\CortexM3\ARM_GCC_541\Debug\CyBootAsmGnu.o
arm-none-eabi-ar.exe: creating .\CortexM3\ARM_GCC_541\Debug\testing2.a
arm-none-eabi-gcc.exe -Wl,--start-group -o \\ad.monash.edu\home\User041\zlii0010\Desktop\Main\Main\testing2.cydsn\CortexM3\ARM_GCC_541\Debug\testing2.elf .\CortexM3\ARM_GCC_541\Debug\main.o .\CortexM3\ARM_GCC_541\Debug\cyfitter_cfg.o .\CortexM3\ARM_GCC_541\Debug\cymetadata.o .\CortexM3\ARM_GCC_541\Debug\Cm3Start.o .\CortexM3\ARM_GCC_541\Debug\testing2.a "C:\Program Files (x86)\Cypress\PSoC Creator\4.2\PSoC Creator\psoc\content\cycomponentlibrary\CyComponentLibrary.cylib\CortexM3\ARM_GCC_541\Debug\CyComponentLibrary.a" -mcpu=cortex-m3 -mthumb -L Generated_Source\PSoC5 -Wl,-Map,.\CortexM3\ARM_GCC_541\Debug/testing2.map -T Generated_Source\PSoC5\cm3gcc.ld -specs=nano.specs -u _printf_float -Wl,--gc-sections -u_printf_float -g -ffunction-sections -Og -ffat-lto-objects -Wl,--end-group
cyelftool.exe -C \\ad.monash.edu\home\User041\zlii0010\Desktop\Main\Main\testing2.cydsn\CortexM3\ARM_GCC_541\Debug\testing2.elf --flash_row_size 256 --flash_size 262144 --flash_offset 0x00000000
No ELF section .cychecksum found, creating one
Application checksum calculated and stored in ELF section .cychecksum
Checksum calculated and stored in ELF section .cymeta
cyelftool.exe -S \\ad.monash.edu\home\User041\zlii0010\Desktop\Main\Main\testing2.cydsn\CortexM3\ARM_GCC_541\Debug\testing2.elf
Flash used: 29856 of 262144 bytes (11.4%).
SRAM used: 44193 of 65536 bytes (67.4%). Stack: 2048 bytes. Heap: 512 bytes.
--------------- Build Succeeded: 10/23/2019 11:05:24 ---------------
